-------------------------------------------------------------------------------
Test set: crud.ConfigApplicationTests
-------------------------------------------------------------------------------
Tests run: 1, Failures: 0, Errors: 1, Skipped: 0, Time elapsed: 9.307 s <<< FAILURE! - in crud.ConfigApplicationTests
contextLoads(crud.ConfigApplicationTests)  Time elapsed: 0 s  <<< ERROR!
java.lang.IllegalStateException: Failed to load ApplicationContext
Caused by: org.springframework.beans.factory.BeanCreationException: Error creating bean with name 'clientcontroller': Lookup method resolution failed; nested exception is java.lang.IllegalStateException: Failed to introspect Class [crud.controller.Clientcontroller] from ClassLoader [jdk.internal.loader.ClassLoaders$AppClassLoader@5ef04b5]
Caused by: java.lang.IllegalStateException: Failed to introspect Class [crud.controller.Clientcontroller] from ClassLoader [jdk.internal.loader.ClassLoaders$AppClassLoader@5ef04b5]
Caused by: java.lang.NoClassDefFoundError: org/json/simple/JSONArray
Caused by: java.lang.ClassNotFoundException: org.json.simple.JSONArray

